<?xml version="1.0" encoding="UTF-8" ?>
<testsuites errors="0"
            failures="1"
            tests="1">

  <testsuite name="firstTest1"
    errors="0" failures="1" hostname="" id="" package="firstTest1" skipped="0"
    tests="1" time="7.016" timestamp="">
  
    <testcase name="My first test case" classname="firstTest1" time="7.016" assertions="2">

      <failure message="Testing if element &lt;.v-toolbar__title&gt; contains text: &#34;WIS Portal&#34; in 1000 ms. - expected [0;32m&#34;WIS Portal&#34;[0m but got: [0;31m&#34;DIS Portal&#34;[0m">    at Object.My first test case (D:\test\testportal\tests\firstTest1.js:9:21)
    at processTicksAndRejections (internal/process/task_queues.js:85:5)</failure>

    <failure message="    at Object.My first test case (D:\test\testportal\tests\firstTest1.js:9:21)">    at processTicksAndRejections (internal/process/task_queues.js:85:5)</failure>
    </testcase>
  

  

  
  </testsuite>
</testsuites>
